\BOOKMARK [0][-]{chapter.1}{Introducci\363n}{}% 1
\BOOKMARK [1][-]{section.1.1}{Alcance del producto}{chapter.1}% 2
\BOOKMARK [1][-]{section.1.2}{Descripci\363n general}{chapter.1}% 3
\BOOKMARK [2][-]{subsection.1.2.1}{Perspectiva del producto}{section.1.2}% 4
\BOOKMARK [2][-]{subsection.1.2.2}{Funciones del Producto}{section.1.2}% 5
\BOOKMARK [2][-]{subsection.1.2.3}{Caracter\355sticas de los usuarios}{section.1.2}% 6
\BOOKMARK [2][-]{subsection.1.2.4}{Restricciones Generales}{section.1.2}% 7
\BOOKMARK [1][-]{section.1.3}{Resumen del resto del documento}{chapter.1}% 8
\BOOKMARK [0][-]{chapter.2}{Requerimientos Espec\355ficos}{}% 9
\BOOKMARK [1][-]{section.2.1}{Requerimientos funcionales}{chapter.2}% 10
\BOOKMARK [1][-]{section.2.2}{Requerimientos no funcionales}{chapter.2}% 11
\BOOKMARK [1][-]{section.2.3}{Requerimientos de Entorno}{chapter.2}% 12
\BOOKMARK [0][-]{chapter.3}{Funcionalidades del producto}{}% 13
\BOOKMARK [1][-]{section.3.1}{Funcionalidades relacionadas con el gerente}{chapter.3}% 14
\BOOKMARK [1][-]{section.3.2}{Funcionalidades relacionadas con el cliente y el taquillero}{chapter.3}% 15
\BOOKMARK [2][-]{subsection.3.2.1}{Relacionadas con el cliente}{section.3.2}% 16
\BOOKMARK [2][-]{subsection.3.2.2}{Relacionadas con el taquillero}{section.3.2}% 17
\BOOKMARK [1][-]{section.3.3}{Pasarela de pago}{chapter.3}% 18
\BOOKMARK [0][-]{chapter.4}{Enfoque Metodol\363gico}{}% 19
\BOOKMARK [0][-]{chapter.5}{Arquitectura}{}% 20
\BOOKMARK [1][-]{section.5.1}{Arquitectura seleccionada}{chapter.5}% 21
\BOOKMARK [2][-]{subsection.5.1.1}{Diagrama de la arquitectura}{section.5.1}% 22
\BOOKMARK [0][-]{chapter.6}{Patrones de visualizaci\363n y de datos}{}% 23
\BOOKMARK [1][-]{section.6.1}{Patrones de visualizaci\363n de datos}{chapter.6}% 24
\BOOKMARK [1][-]{section.6.2}{Patrones de acceso a datos}{chapter.6}% 25
\BOOKMARK [0][-]{chapter.7}{Modelo de datos}{}% 26
\BOOKMARK [0][-]{appendix.Alph1}{Manual de Usuario}{}% 27
